2026-02-20 18:53:33 | ERROR    | __main__ | Missing API credentials.
2026-02-20 18:53:43 | ERROR    | __main__ | Missing API credentials.
2026-02-20 18:56:34 | ERROR    | __main__ | Missing API credentials.
2026-02-20 19:08:26 | INFO     | bot.orders | Submitting order | BUY MARKET BTCUSDT qty=0.001 price=None
2026-02-20 19:08:26 | INFO     | bot.client | Placing BUY MARKET order | symbol=BTCUSDT qty=0.001 price=None
2026-02-20 19:08:26 | DEBUG    | bot.client | POST https://testnet.binancefuture.com/fapi/v1/order | params={'symbol': 'BTCUSDT', 'side': 'BUY', 'type': 'MARKET', 'quantity': 0.001, 'timestamp': 1771594706888, 'recvWindow': 5000}
2026-02-20 19:08:26 | DEBUG    | urllib3.connectionpool | Starting new HTTPS connection (1): testnet.binancefuture.com:443
2026-02-20 19:08:27 | DEBUG    | urllib3.connectionpool | https://testnet.binancefuture.com:443 "POST /fapi/v1/order?symbol=BTCUSDT&side=BUY&type=MARKET&quantity=0.001&timestamp=1771594706888&recvWindow=5000&signature=47dec241b28298d5f973a5668872a589ddc825179de7026c06018cc7604e0bde HTTP/1.1" 401 69
2026-02-20 19:08:27 | DEBUG    | bot.client | HTTP 401 | body={"code":-2015,"msg":"Invalid API-key, IP, or permissions for action"}
2026-02-20 19:08:27 | ERROR    | bot.client | Binance API error -2015: Invalid API-key, IP, or permissions for action
2026-02-20 19:08:27 | ERROR    | __main__ | Binance API error: code=-2015 msg=Invalid API-key, IP, or permissions for action
2026-02-20 19:17:25 | INFO     | bot.orders | Submitting order | BUY MARKET BTCUSDT qty=0.001 price=None
2026-02-20 19:17:25 | INFO     | bot.client | Placing BUY MARKET order | symbol=BTCUSDT qty=0.001 price=None
2026-02-20 19:17:25 | DEBUG    | bot.client | POST https://testnet.binancefuture.com/fapi/v1/order | params={'symbol': 'BTCUSDT', 'side': 'BUY', 'type': 'MARKET', 'quantity': 0.001, 'timestamp': 1771595245233, 'recvWindow': 5000}
2026-02-20 19:17:25 | DEBUG    | urllib3.connectionpool | Starting new HTTPS connection (1): testnet.binancefuture.com:443
2026-02-20 19:17:25 | DEBUG    | urllib3.connectionpool | https://testnet.binancefuture.com:443 "POST /fapi/v1/order?symbol=BTCUSDT&side=BUY&type=MARKET&quantity=0.001&timestamp=1771595245233&recvWindow=5000&signature=9930ec2621889e8c7af60361febb6d6a41dcac132dacb47a52fb29da55014c6a HTTP/1.1" 400 100
2026-02-20 19:17:25 | DEBUG    | bot.client | HTTP 400 | body={"code":-4164,"msg":"Order's notional must be no smaller than 100 (unless you choose reduce only)."}
2026-02-20 19:17:25 | ERROR    | bot.client | Binance API error -4164: Order's notional must be no smaller than 100 (unless you choose reduce only).
2026-02-20 19:17:25 | ERROR    | __main__ | Binance API error: code=-4164 msg=Order's notional must be no smaller than 100 (unless you choose reduce only).
2026-02-20 19:18:51 | INFO     | bot.orders | Submitting order | BUY MARKET BTCUSDT qty=0.001 price=None
2026-02-20 19:18:51 | INFO     | bot.client | Placing BUY MARKET order | symbol=BTCUSDT qty=0.001 price=None
2026-02-20 19:18:51 | DEBUG    | bot.client | POST https://testnet.binancefuture.com/fapi/v1/order | params={'symbol': 'BTCUSDT', 'side': 'BUY', 'type': 'MARKET', 'quantity': 0.001, 'timestamp': 1771595331111, 'recvWindow': 5000}
2026-02-20 19:18:51 | DEBUG    | urllib3.connectionpool | Starting new HTTPS connection (1): testnet.binancefuture.com:443
2026-02-20 19:18:51 | DEBUG    | urllib3.connectionpool | https://testnet.binancefuture.com:443 "POST /fapi/v1/order?symbol=BTCUSDT&side=BUY&type=MARKET&quantity=0.001&timestamp=1771595331111&recvWindow=5000&signature=7b1318b3d9c71e381c07e67493fdb419c300c1d217bca013afcb39e839a085e5 HTTP/1.1" 400 100
2026-02-20 19:18:51 | DEBUG    | bot.client | HTTP 400 | body={"code":-4164,"msg":"Order's notional must be no smaller than 100 (unless you choose reduce only)."}
2026-02-20 19:18:51 | ERROR    | bot.client | Binance API error -4164: Order's notional must be no smaller than 100 (unless you choose reduce only).
2026-02-20 19:18:51 | ERROR    | __main__ | Binance API error: code=-4164 msg=Order's notional must be no smaller than 100 (unless you choose reduce only).
2026-02-20 19:19:19 | INFO     | bot.orders | Submitting order | BUY MARKET BTCUSDT qty=0.002 price=None
2026-02-20 19:19:19 | INFO     | bot.client | Placing BUY MARKET order | symbol=BTCUSDT qty=0.002 price=None
2026-02-20 19:19:19 | DEBUG    | bot.client | POST https://testnet.binancefuture.com/fapi/v1/order | params={'symbol': 'BTCUSDT', 'side': 'BUY', 'type': 'MARKET', 'quantity': 0.002, 'timestamp': 1771595359233, 'recvWindow': 5000}
2026-02-20 19:19:19 | DEBUG    | urllib3.connectionpool | Starting new HTTPS connection (1): testnet.binancefuture.com:443
2026-02-20 19:19:19 | DEBUG    | urllib3.connectionpool | https://testnet.binancefuture.com:443 "POST /fapi/v1/order?symbol=BTCUSDT&side=BUY&type=MARKET&quantity=0.002&timestamp=1771595359233&recvWindow=5000&signature=5c280f4e6eddbe270d9210d426b1d2443fac6235ad50950eb8c164b4d9e8dcac HTTP/1.1" 200 None
2026-02-20 19:19:19 | DEBUG    | bot.client | HTTP 200 | body={"orderId":12417433895,"symbol":"BTCUSDT","status":"NEW","clientOrderId":"4WunChVq458DHUznO3iZ28","price":"0.00","avgPrice":"0.00","origQty":"0.002","executedQty":"0.000","cumQty":"0.000","cumQuote":"0.00000","timeInForce":"GTC","type":"MARKET","reduceOnly":false,"closePosition":false,"side":"BUY","positionSide":"BOTH","stopPrice":"0.00","workingType":"CONTRACT_PRICE","priceProtect":false,"origType":"MARKET","priceMatch":"NONE","selfTradePreventionMode":"EXPIRE_MAKER","goodTillDate":0,"updateTim
2026-02-20 19:19:19 | DEBUG    | bot.client | Response OK: {'orderId': 12417433895, 'symbol': 'BTCUSDT', 'status': 'NEW', 'clientOrderId': '4WunChVq458DHUznO3iZ28', 'price': '0.00', 'avgPrice': '0.00', 'origQty': '0.002', 'executedQty': '0.000', 'cumQty': '0.000', 'cumQuote': '0.00000', 'timeInForce': 'GTC', 'type': 'MARKET', 'reduceOnly': False, 'closePosi
2026-02-20 19:19:19 | INFO     | bot.client | Order placed successfully | orderId=12417433895 status=NEW
2026-02-20 19:19:24 | INFO     | bot.orders | Submitting order | BUY MARKET ETHUSDT qty=0.04 price=None
2026-02-20 19:19:24 | INFO     | bot.client | Placing BUY MARKET order | symbol=ETHUSDT qty=0.04 price=None
2026-02-20 19:19:24 | DEBUG    | bot.client | POST https://testnet.binancefuture.com/fapi/v1/order | params={'symbol': 'ETHUSDT', 'side': 'BUY', 'type': 'MARKET', 'quantity': 0.04, 'timestamp': 1771595364329, 'recvWindow': 5000}
2026-02-20 19:19:24 | DEBUG    | urllib3.connectionpool | Starting new HTTPS connection (1): testnet.binancefuture.com:443
2026-02-20 19:19:24 | DEBUG    | urllib3.connectionpool | https://testnet.binancefuture.com:443 "POST /fapi/v1/order?symbol=ETHUSDT&side=BUY&type=MARKET&quantity=0.04&timestamp=1771595364329&recvWindow=5000&signature=f79f3563be2d9be560e93176e5b4fc26cde4ca16983cdb67de802ddf8a91f237 HTTP/1.1" 200 None
2026-02-20 19:19:24 | DEBUG    | bot.client | HTTP 200 | body={"orderId":8375941273,"symbol":"ETHUSDT","status":"NEW","clientOrderId":"gz3VrvSnv1r5lxi62PMNgr","price":"0.00","avgPrice":"0.00","origQty":"0.040","executedQty":"0.000","cumQty":"0.000","cumQuote":"0.00000","timeInForce":"GTC","type":"MARKET","reduceOnly":false,"closePosition":false,"side":"BUY","positionSide":"BOTH","stopPrice":"0.00","workingType":"CONTRACT_PRICE","priceProtect":false,"origType":"MARKET","priceMatch":"NONE","selfTradePreventionMode":"EXPIRE_MAKER","goodTillDate":0,"updateTime
2026-02-20 19:19:24 | DEBUG    | bot.client | Response OK: {'orderId': 8375941273, 'symbol': 'ETHUSDT', 'status': 'NEW', 'clientOrderId': 'gz3VrvSnv1r5lxi62PMNgr', 'price': '0.00', 'avgPrice': '0.00', 'origQty': '0.040', 'executedQty': '0.000', 'cumQty': '0.000', 'cumQuote': '0.00000', 'timeInForce': 'GTC', 'type': 'MARKET', 'reduceOnly': False, 'closePosit
2026-02-20 19:19:24 | INFO     | bot.client | Order placed successfully | orderId=8375941273 status=NEW
2026-02-20 19:19:24 | INFO     | bot.orders | Submitting order | BUY MARKET BTCUSDT qty=0.002 price=None
2026-02-20 19:19:24 | INFO     | bot.client | Placing BUY MARKET order | symbol=BTCUSDT qty=0.002 price=None
2026-02-20 19:19:24 | DEBUG    | bot.client | POST https://testnet.binancefuture.com/fapi/v1/order | params={'symbol': 'BTCUSDT', 'side': 'BUY', 'type': 'MARKET', 'quantity': 0.002, 'timestamp': 1771595364835, 'recvWindow': 5000}
2026-02-20 19:19:24 | DEBUG    | urllib3.connectionpool | Starting new HTTPS connection (1): testnet.binancefuture.com:443
2026-02-20 19:19:25 | DEBUG    | urllib3.connectionpool | https://testnet.binancefuture.com:443 "POST /fapi/v1/order?symbol=BTCUSDT&side=BUY&type=MARKET&quantity=0.002&timestamp=1771595364835&recvWindow=5000&signature=1a7db4c5f2930c7283192a095bf119711aed2beaf10d29a69c2dab491e6f3a63 HTTP/1.1" 200 None
2026-02-20 19:19:25 | DEBUG    | bot.client | HTTP 200 | body={"orderId":12417434823,"symbol":"BTCUSDT","status":"NEW","clientOrderId":"G8lLSme8ODcZrbCXdUrDMJ","price":"0.00","avgPrice":"0.00","origQty":"0.002","executedQty":"0.000","cumQty":"0.000","cumQuote":"0.00000","timeInForce":"GTC","type":"MARKET","reduceOnly":false,"closePosition":false,"side":"BUY","positionSide":"BOTH","stopPrice":"0.00","workingType":"CONTRACT_PRICE","priceProtect":false,"origType":"MARKET","priceMatch":"NONE","selfTradePreventionMode":"EXPIRE_MAKER","goodTillDate":0,"updateTim
2026-02-20 19:19:25 | DEBUG    | bot.client | Response OK: {'orderId': 12417434823, 'symbol': 'BTCUSDT', 'status': 'NEW', 'clientOrderId': 'G8lLSme8ODcZrbCXdUrDMJ', 'price': '0.00', 'avgPrice': '0.00', 'origQty': '0.002', 'executedQty': '0.000', 'cumQty': '0.000', 'cumQuote': '0.00000', 'timeInForce': 'GTC', 'type': 'MARKET', 'reduceOnly': False, 'closePosi
2026-02-20 19:19:25 | INFO     | bot.client | Order placed successfully | orderId=12417434823 status=NEW
2026-02-20 19:20:33 | INFO     | bot.orders | Submitting order | BUY LIMIT BTCUSDT qty=0.002 price=90000.0
2026-02-20 19:20:33 | INFO     | bot.client | Placing BUY LIMIT order | symbol=BTCUSDT qty=0.002 price=90000.0
2026-02-20 19:20:33 | DEBUG    | bot.client | POST https://testnet.binancefuture.com/fapi/v1/order | params={'symbol': 'BTCUSDT', 'side': 'BUY', 'type': 'LIMIT', 'quantity': 0.002, 'price': 90000.0, 'timeInForce': 'GTC', 'timestamp': 1771595433833, 'recvWindow': 5000}
2026-02-20 19:20:33 | DEBUG    | urllib3.connectionpool | Starting new HTTPS connection (1): testnet.binancefuture.com:443
2026-02-20 19:20:34 | DEBUG    | urllib3.connectionpool | https://testnet.binancefuture.com:443 "POST /fapi/v1/order?symbol=BTCUSDT&side=BUY&type=LIMIT&quantity=0.002&price=90000.0&timeInForce=GTC&timestamp=1771595433833&recvWindow=5000&signature=06fc63e251a55250685d15df2b456e0d95942deb70c76d274fbae6b1a05319f5 HTTP/1.1" 400 65
2026-02-20 19:20:34 | DEBUG    | bot.client | HTTP 400 | body={"code":-4016,"msg":"Limit price can't be higher than 70081.84."}
2026-02-20 19:20:34 | ERROR    | bot.client | Binance API error -4016: Limit price can't be higher than 70081.84.
2026-02-20 19:20:34 | ERROR    | __main__ | Binance API error: code=-4016 msg=Limit price can't be higher than 70081.84.
2026-02-20 19:20:51 | INFO     | bot.orders | Submitting order | BUY LIMIT BTCUSDT qty=0.002 price=65000.0
2026-02-20 19:20:51 | INFO     | bot.client | Placing BUY LIMIT order | symbol=BTCUSDT qty=0.002 price=65000.0
2026-02-20 19:20:51 | DEBUG    | bot.client | POST https://testnet.binancefuture.com/fapi/v1/order | params={'symbol': 'BTCUSDT', 'side': 'BUY', 'type': 'LIMIT', 'quantity': 0.002, 'price': 65000.0, 'timeInForce': 'GTC', 'timestamp': 1771595451512, 'recvWindow': 5000}
2026-02-20 19:20:51 | DEBUG    | urllib3.connectionpool | Starting new HTTPS connection (1): testnet.binancefuture.com:443
2026-02-20 19:20:51 | DEBUG    | urllib3.connectionpool | https://testnet.binancefuture.com:443 "POST /fapi/v1/order?symbol=BTCUSDT&side=BUY&type=LIMIT&quantity=0.002&price=65000.0&timeInForce=GTC&timestamp=1771595451512&recvWindow=5000&signature=98d5e0ff911e8b26076754d7b9cfa87644af7cdbc54db41761d63ae729f227bf HTTP/1.1" 200 None
2026-02-20 19:20:51 | DEBUG    | bot.client | HTTP 200 | body={"orderId":12417460610,"symbol":"BTCUSDT","status":"NEW","clientOrderId":"5eKFnSgkTl1OAS3YNb66hZ","price":"65000.00","avgPrice":"0.00","origQty":"0.002","executedQty":"0.000","cumQty":"0.000","cumQuote":"0.00000","timeInForce":"GTC","type":"LIMIT","reduceOnly":false,"closePosition":false,"side":"BUY","positionSide":"BOTH","stopPrice":"0.00","workingType":"CONTRACT_PRICE","priceProtect":false,"origType":"LIMIT","priceMatch":"NONE","selfTradePreventionMode":"EXPIRE_MAKER","goodTillDate":0,"updateT
2026-02-20 19:20:51 | DEBUG    | bot.client | Response OK: {'orderId': 12417460610, 'symbol': 'BTCUSDT', 'status': 'NEW', 'clientOrderId': '5eKFnSgkTl1OAS3YNb66hZ', 'price': '65000.00', 'avgPrice': '0.00', 'origQty': '0.002', 'executedQty': '0.000', 'cumQty': '0.000', 'cumQuote': '0.00000', 'timeInForce': 'GTC', 'type': 'LIMIT', 'reduceOnly': False, 'closeP
2026-02-20 19:20:51 | INFO     | bot.client | Order placed successfully | orderId=12417460610 status=NEW
2026-02-20 19:20:52 | INFO     | bot.orders | Submitting order | BUY LIMIT BTCUSDT qty=0.002 price=68000.0
2026-02-20 19:20:52 | INFO     | bot.client | Placing BUY LIMIT order | symbol=BTCUSDT qty=0.002 price=68000.0
2026-02-20 19:20:52 | DEBUG    | bot.client | POST https://testnet.binancefuture.com/fapi/v1/order | params={'symbol': 'BTCUSDT', 'side': 'BUY', 'type': 'LIMIT', 'quantity': 0.002, 'price': 68000.0, 'timeInForce': 'GTC', 'timestamp': 1771595452041, 'recvWindow': 5000}
2026-02-20 19:20:52 | DEBUG    | urllib3.connectionpool | Starting new HTTPS connection (1): testnet.binancefuture.com:443
2026-02-20 19:20:52 | DEBUG    | urllib3.connectionpool | https://testnet.binancefuture.com:443 "POST /fapi/v1/order?symbol=BTCUSDT&side=BUY&type=LIMIT&quantity=0.002&price=68000.0&timeInForce=GTC&timestamp=1771595452041&recvWindow=5000&signature=5dbdd150e74b7bd6e63acea2ed44ac370d188282206639c5c0a3278ce136145e HTTP/1.1" 200 None
2026-02-20 19:20:52 | DEBUG    | bot.client | HTTP 200 | body={"orderId":12417460688,"symbol":"BTCUSDT","status":"NEW","clientOrderId":"lNxVhZu94X3lWsiv36txg4","price":"68000.00","avgPrice":"0.00","origQty":"0.002","executedQty":"0.000","cumQty":"0.000","cumQuote":"0.00000","timeInForce":"GTC","type":"LIMIT","reduceOnly":false,"closePosition":false,"side":"BUY","positionSide":"BOTH","stopPrice":"0.00","workingType":"CONTRACT_PRICE","priceProtect":false,"origType":"LIMIT","priceMatch":"NONE","selfTradePreventionMode":"EXPIRE_MAKER","goodTillDate":0,"updateT
2026-02-20 19:20:52 | DEBUG    | bot.client | Response OK: {'orderId': 12417460688, 'symbol': 'BTCUSDT', 'status': 'NEW', 'clientOrderId': 'lNxVhZu94X3lWsiv36txg4', 'price': '68000.00', 'avgPrice': '0.00', 'origQty': '0.002', 'executedQty': '0.000', 'cumQty': '0.000', 'cumQuote': '0.00000', 'timeInForce': 'GTC', 'type': 'LIMIT', 'reduceOnly': False, 'closeP
2026-02-20 19:20:52 | INFO     | bot.client | Order placed successfully | orderId=12417460688 status=NEW
2026-02-20 19:36:18 | INFO     | bot.orders | Submitting order | BUY MARKET BTCUSDT qty=0.002 price=None
2026-02-20 19:36:18 | INFO     | bot.client | Placing BUY MARKET order | symbol=BTCUSDT qty=0.002 price=None
2026-02-20 19:36:18 | DEBUG    | bot.client | POST https://testnet.binancefuture.com/fapi/v1/order | params={'symbol': 'BTCUSDT', 'side': 'BUY', 'type': 'MARKET', 'quantity': 0.002, 'timestamp': 1771596378878, 'recvWindow': 5000}
2026-02-20 19:36:18 | DEBUG    | urllib3.connectionpool | Starting new HTTPS connection (1): testnet.binancefuture.com:443
2026-02-20 19:36:19 | DEBUG    | urllib3.connectionpool | https://testnet.binancefuture.com:443 "POST /fapi/v1/order?symbol=BTCUSDT&side=BUY&type=MARKET&quantity=0.002&timestamp=1771596378878&recvWindow=5000&signature=8789ef71e14d0cd5b90f0129aa95ae08930e41b53a6cc494a275ccc0ae409103 HTTP/1.1" 200 None
2026-02-20 19:36:19 | DEBUG    | bot.client | HTTP 200 | body={"orderId":12417722816,"symbol":"BTCUSDT","status":"NEW","clientOrderId":"oylZOqT13DIppUwItpfXy1","price":"0.00","avgPrice":"0.00","origQty":"0.002","executedQty":"0.000","cumQty":"0.000","cumQuote":"0.00000","timeInForce":"GTC","type":"MARKET","reduceOnly":false,"closePosition":false,"side":"BUY","positionSide":"BOTH","stopPrice":"0.00","workingType":"CONTRACT_PRICE","priceProtect":false,"origType":"MARKET","priceMatch":"NONE","selfTradePreventionMode":"EXPIRE_MAKER","goodTillDate":0,"updateTim
2026-02-20 19:36:19 | DEBUG    | bot.client | Response OK: {'orderId': 12417722816, 'symbol': 'BTCUSDT', 'status': 'NEW', 'clientOrderId': 'oylZOqT13DIppUwItpfXy1', 'price': '0.00', 'avgPrice': '0.00', 'origQty': '0.002', 'executedQty': '0.000', 'cumQty': '0.000', 'cumQuote': '0.00000', 'timeInForce': 'GTC', 'type': 'MARKET', 'reduceOnly': False, 'closePosi
2026-02-20 19:36:19 | INFO     | bot.client | Order placed successfully | orderId=12417722816 status=NEW
2026-02-20 19:36:20 | INFO     | bot.orders | Submitting order | BUY LIMIT BTCUSDT qty=0.002 price=65000.0
2026-02-20 19:36:20 | INFO     | bot.client | Placing BUY LIMIT order | symbol=BTCUSDT qty=0.002 price=65000.0
2026-02-20 19:36:20 | DEBUG    | bot.client | POST https://testnet.binancefuture.com/fapi/v1/order | params={'symbol': 'BTCUSDT', 'side': 'BUY', 'type': 'LIMIT', 'quantity': 0.002, 'price': 65000.0, 'timeInForce': 'GTC', 'timestamp': 1771596380923, 'recvWindow': 5000}
2026-02-20 19:36:20 | DEBUG    | urllib3.connectionpool | Starting new HTTPS connection (1): testnet.binancefuture.com:443
2026-02-20 19:36:21 | DEBUG    | urllib3.connectionpool | https://testnet.binancefuture.com:443 "POST /fapi/v1/order?symbol=BTCUSDT&side=BUY&type=LIMIT&quantity=0.002&price=65000.0&timeInForce=GTC&timestamp=1771596380923&recvWindow=5000&signature=cf7c320b13f4b1d7b759f7b656c5bac1d5c544722fc346a900c0755caa1b0a3f HTTP/1.1" 200 None
2026-02-20 19:36:21 | DEBUG    | bot.client | HTTP 200 | body={"orderId":12417723224,"symbol":"BTCUSDT","status":"NEW","clientOrderId":"GbxiaaB9cdf5nl9J8XNo25","price":"65000.00","avgPrice":"0.00","origQty":"0.002","executedQty":"0.000","cumQty":"0.000","cumQuote":"0.00000","timeInForce":"GTC","type":"LIMIT","reduceOnly":false,"closePosition":false,"side":"BUY","positionSide":"BOTH","stopPrice":"0.00","workingType":"CONTRACT_PRICE","priceProtect":false,"origType":"LIMIT","priceMatch":"NONE","selfTradePreventionMode":"EXPIRE_MAKER","goodTillDate":0,"updateT
2026-02-20 19:36:21 | DEBUG    | bot.client | Response OK: {'orderId': 12417723224, 'symbol': 'BTCUSDT', 'status': 'NEW', 'clientOrderId': 'GbxiaaB9cdf5nl9J8XNo25', 'price': '65000.00', 'avgPrice': '0.00', 'origQty': '0.002', 'executedQty': '0.000', 'cumQty': '0.000', 'cumQuote': '0.00000', 'timeInForce': 'GTC', 'type': 'LIMIT', 'reduceOnly': False, 'closeP
2026-02-20 19:36:21 | INFO     | bot.client | Order placed successfully | orderId=12417723224 status=NEW
